#
# There is insufficient memory for the Java Runtime Environment to continue.
# Native memory allocation (malloc) failed to allocate 1048576 bytes for AllocateHeap
# Possible reasons:
#   The system is out of physical RAM or swap space
#   In 32 bit mode, the process size limit was hit
# Possible solutions:
#   Reduce memory load on the system
#   Increase physical memory or swap space
#   Check if swap backing store is full
#   Use 64 bit Java on a 64 bit OS
#   Decrease Java heap size (-Xmx/-Xms)
#   Decrease number of Java threads
#   Decrease Java thread stack sizes (-Xss)
#   Set larger code cache with -XX:ReservedCodeCacheSize=
# This output file may be truncated or incomplete.
#
#  Out of Memory Error (memory/allocation.inline.hpp:61), pid=7240, tid=6188
#
# JRE version:  (8.0_45-b15) (build )
# Java VM: Java HotSpot(TM) 64-Bit Server VM (25.45-b02 mixed mode windows-amd64 compressed oops)
# Failed to write core dump. Minidumps are not enabled by default on client versions of Windows
#

---------------  T H R E A D  ---------------

Current thread (0x0000000000add800):  JavaThread "Unknown thread" [_thread_in_vm, id=6188, stack(0x00000000009d0000,0x0000000000ad0000)]

Stack: [0x00000000009d0000,0x0000000000ad0000]
Native frames: (J=compiled Java code, j=interpreted, Vv=VM code, C=native code)
V  [jvm.dll+0x32b57a]
V  [jvm.dll+0x279873]
V  [jvm.dll+0x27a509]
V  [jvm.dll+0x271825]
V  [jvm.dll+0x1606]
V  [jvm.dll+0x3c08c2]
V  [jvm.dll+0x3eecb2]
V  [jvm.dll+0x3ef1bc]
V  [jvm.dll+0x3ea7a7]
V  [jvm.dll+0xf2cf2]
V  [jvm.dll+0x20f0c9]
V  [jvm.dll+0x240e0a]
V  [jvm.dll+0x15ba41]
C  [javaw.exe+0x217e]
C  [javaw.exe+0xcd17]
C  [javaw.exe+0xcdab]
C  [KERNEL32.DLL+0x13d2]
C  [ntdll.dll+0x15444]


---------------  P R O C E S S  ---------------

Java Threads: ( => current thread )

Other Threads:

=>0x0000000000add800 (exited) JavaThread "Unknown thread" [_thread_in_vm, id=6188, stack(0x00000000009d0000,0x0000000000ad0000)]

VM state:not at safepoint (normal execution)

VM Mutex/Monitor currently owned by a thread: None

Heap:
 PSYoungGen      total 17920K, used 307K [0x00000000eca00000, 0x00000000ede00000, 0x0000000100000000)
  eden space 15360K, 2% used [0x00000000eca00000,0x00000000eca4ccd8,0x00000000ed900000)
  from space 2560K, 0% used [0x00000000edb80000,0x00000000edb80000,0x00000000ede00000)
  to   space 2560K, 0% used [0x00000000ed900000,0x00000000ed900000,0x00000000edb80000)
 ParOldGen       total 40960K, used 0K [0x00000000c5e00000, 0x00000000c8600000, 0x00000000eca00000)
  object space 40960K, 0% used [0x00000000c5e00000,0x00000000c5e00000,0x00000000c8600000)
 Metaspace       used 742K, capacity 4480K, committed 4480K, reserved 1056768K
  class space    used 75K, capacity 384K, committed 384K, reserved 1048576K

Card table byte_map: [0x00000000119b0000,0x0000000011b90000] byte_map_base: 0x0000000011381000

Marking Bits: (ParMarkBitMap*) 0x0000000076984040
 Begin Bits: [0x00000000120d0000, 0x0000000012f58000)
 End Bits:   [0x0000000012f58000, 0x0000000013de0000)

Polling page: 0x0000000000840000

CodeCache: size=245760Kb used=328Kb max_used=328Kb free=245431Kb
 bounds [0x00000000025f0000, 0x0000000002860000, 0x00000000115f0000]
 total_blobs=57 nmethods=0 adapters=37
 compilation: enabled

Compilation events (0 events):
No events

GC Heap History (0 events):
No events

Deoptimization events (0 events):
No events

Internal exceptions (0 events):
No events

Events (10 events):
Event: 0.138 loading class java/lang/Short
Event: 0.138 loading class java/lang/Short done
Event: 0.139 loading class java/lang/Integer
Event: 0.139 loading class java/lang/Integer done
Event: 0.139 loading class java/lang/Long
Event: 0.139 loading class java/lang/Long done
Event: 0.142 loading class java/lang/NullPointerException
Event: 0.142 loading class java/lang/NullPointerException done
Event: 0.142 loading class java/lang/ArithmeticException
Event: 0.142 loading class java/lang/ArithmeticException done


Dynamic libraries:
0x00007ff621830000 - 0x00007ff621867000 	C:\Program Files\Java\jre1.8.0_45\bin\javaw.exe
0x00007ffa96e20000 - 0x00007ffa96fcc000 	C:\WINDOWS\SYSTEM32\ntdll.dll
0x00007ffa96b30000 - 0x00007ffa96c6e000 	C:\WINDOWS\system32\KERNEL32.DLL
0x00007ffa94330000 - 0x00007ffa94445000 	C:\WINDOWS\system32\KERNELBASE.dll
0x00007ffa92b10000 - 0x00007ffa92b9e000 	C:\WINDOWS\system32\apphelp.dll
0x00007ffa88180000 - 0x00007ffa881d3000 	C:\WINDOWS\AppPatch\AppPatch64\AcGenral.DLL
0x00007ffa944a0000 - 0x00007ffa9454a000 	C:\WINDOWS\system32\msvcrt.dll
0x00007ffa93d40000 - 0x00007ffa93d6e000 	C:\WINDOWS\SYSTEM32\SspiCli.dll
0x00007ffa94d00000 - 0x00007ffa94d54000 	C:\WINDOWS\system32\SHLWAPI.dll
0x00007ffa94a50000 - 0x00007ffa94bc7000 	C:\WINDOWS\system32\USER32.dll
0x00007ffa967d0000 - 0x00007ffa96964000 	C:\WINDOWS\system32\ole32.dll
0x00007ffa952b0000 - 0x00007ffa967c8000 	C:\WINDOWS\system32\SHELL32.dll
0x00007ffa934e0000 - 0x00007ffa93501000 	C:\WINDOWS\SYSTEM32\USERENV.dll
0x00007ffa94e20000 - 0x00007ffa94eca000 	C:\WINDOWS\system32\ADVAPI32.dll
0x00007ffa862d0000 - 0x00007ffa862ee000 	C:\WINDOWS\SYSTEM32\MPR.dll
0x00007ffa96cd0000 - 0x00007ffa96e11000 	C:\WINDOWS\system32\RPCRT4.dll
0x00007ffa94bd0000 - 0x00007ffa94c29000 	C:\WINDOWS\SYSTEM32\sechost.dll
0x00007ffa94550000 - 0x00007ffa94761000 	C:\WINDOWS\SYSTEM32\combase.dll
0x00007ffa948e0000 - 0x00007ffa94a31000 	C:\WINDOWS\system32\GDI32.dll
0x00007ffa93f70000 - 0x00007ffa93f85000 	C:\WINDOWS\SYSTEM32\profapi.dll
0x00007ffa92330000 - 0x00007ffa923e2000 	C:\WINDOWS\SYSTEM32\SHCORE.dll
0x00007ffa94f60000 - 0x00007ffa94f96000 	C:\WINDOWS\system32\IMM32.DLL
0x00007ffa94770000 - 0x00007ffa948c2000 	C:\WINDOWS\system32\MSCTF.dll
0x00007ffa919a0000 - 0x00007ffa91c1b000 	C:\WINDOWS\WinSxS\amd64_microsoft.windows.common-controls_6595b64144ccf1df_6.0.9600.17784_none_624760d1ecb7236e\COMCTL32.dll
0x0000000076cb0000 - 0x0000000076d82000 	C:\Program Files\Java\jre1.8.0_45\bin\msvcr100.dll
0x0000000076180000 - 0x0000000076a03000 	C:\Program Files\Java\jre1.8.0_45\bin\server\jvm.dll
0x00007ffa7b590000 - 0x00007ffa7b599000 	C:\WINDOWS\SYSTEM32\WSOCK32.dll
0x00007ffa8c530000 - 0x00007ffa8c552000 	C:\WINDOWS\SYSTEM32\WINMM.dll
0x00007ffa8aad0000 - 0x00007ffa8aada000 	C:\WINDOWS\SYSTEM32\VERSION.dll
0x00007ffa96970000 - 0x00007ffa96977000 	C:\WINDOWS\system32\PSAPI.DLL
0x00007ffa96c70000 - 0x00007ffa96cca000 	C:\WINDOWS\system32\WS2_32.dll
0x00007ffa8c500000 - 0x00007ffa8c52a000 	C:\WINDOWS\SYSTEM32\WINMMBASE.dll
0x00007ffa94fa0000 - 0x00007ffa94fa9000 	C:\WINDOWS\system32\NSI.dll
0x00007ffa94450000 - 0x00007ffa9449f000 	C:\WINDOWS\SYSTEM32\cfgmgr32.dll
0x00007ffa92d60000 - 0x00007ffa92d88000 	C:\WINDOWS\SYSTEM32\DEVOBJ.dll
0x0000000050010000 - 0x000000005001f000 	C:\Program Files\Java\jre1.8.0_45\bin\verify.dll
0x0000000076150000 - 0x0000000076179000 	C:\Program Files\Java\jre1.8.0_45\bin\java.dll
0x0000000076130000 - 0x0000000076146000 	C:\Program Files\Java\jre1.8.0_45\bin\zip.dll
0x00007ffa8f4e0000 - 0x00007ffa8f669000 	C:\WINDOWS\SYSTEM32\dbghelp.dll

VM Arguments:
jvm_args: -Dfile.encoding=MS949 
java_command: GUI.MyFrame
java_class_path (initial): C:\Users\USER\workspace\MoneyBook\bin;C:\Users\USER\Downloads\poi-bin-3.12-20150511\poi-3.12\poi-3.12-20150511.jar;C:\Users\USER\Downloads\poi-bin-3.12-20150511\poi-3.12\poi-examples-3.12-20150511.jar;C:\Users\USER\Downloads\poi-bin-3.12-20150511\poi-3.12\poi-excelant-3.12-20150511.jar;C:\Users\USER\Downloads\poi-bin-3.12-20150511\poi-3.12\poi-ooxml-3.12-20150511.jar;C:\Users\USER\Downloads\poi-bin-3.12-20150511\poi-3.12\poi-ooxml-schemas-3.12-20150511.jar;C:\Users\USER\Downloads\poi-bin-3.12-20150511\poi-3.12\poi-scratchpad-3.12-20150511.jar;C:\Users\USER\Downloads\poi-bin-3.12-20150511\poi-3.12\ooxml-lib\xmlbeans-2.6.0.jar;C:\Users\USER\Downloads\poi-bin-3.12-20150511\poi-3.12\lib\commons-codec-1.9.jar;C:\Users\USER\Downloads\poi-bin-3.12-20150511\poi-3.12\lib\commons-logging-1.1.3.jar;C:\Users\USER\Downloads\poi-bin-3.12-20150511\poi-3.12\lib\junit-4.12.jar;C:\Users\USER\Downloads\poi-bin-3.12-20150511\poi-3.12\lib\log4j-1.2.17.jar
Launcher Type: SUN_STANDARD

Environment Variables:
PATH=C:/Program Files/Java/jre1.8.0_45/bin/server;C:/Program Files/Java/jre1.8.0_45/bin;C:/Program Files/Java/jre1.8.0_45/lib/amd64;C:\ProgramData\Oracle\Java\javapath;C:\Program Files (x86)\Intel\iCLS Client\;C:\Program Files\Intel\iCLS Client\;C:\WINDOWS\system32;C:\WINDOWS;C:\WINDOWS\System32\Wbem;C:\WINDOWS\System32\WindowsPowerShell\v1.0\;C:\Program Files\Intel\Intel(R) Management Engine Components\DAL;C:\Program Files\Intel\Intel(R) Management Engine Components\IPT;C:\Program Files (x86)\Intel\Intel(R) Management Engine Components\DAL;C:\Program Files (x86)\Intel\Intel(R) Management Engine Components\IPT;C:\Program Files (x86)\Intel\OpenCL SDK\2.0\bin\x86;C:\Program Files (x86)\Intel\OpenCL SDK\2.0\bin\x64;C:\Program Files (x86)\Windows Live\Shared;C:\Program Files\Condusiv Technologies\IntelliMemory\;C:\Program Files (x86)\Windows Kits\8.0\Windows Performance Toolkit\;C:\Program Files\Microsoft\Web Platform Installer\;C:\Program Files (x86)\Microsoft ASP.NET\ASP.NET Web Pages\v1.0\;C:\Program Files\Microsoft SQL Server\110\Tools\Binn\;C:\Program Files\Intel\WiFi\bin\;C:\Program Files\Common Files\Intel\WirelessCommon\;C:\Program Files (x86)\Java\jdk1.8.0_31\bin;;C:\Users\USER\Downloads\eclipse-java-luna-SR2-win32-x86_64\eclipse;
USERNAME=USER
OS=Windows_NT
PROCESSOR_IDENTIFIER=Intel64 Family 6 Model 58 Stepping 9, GenuineIntel



---------------  S Y S T E M  ---------------

OS: Windows 8.1 , 64 bit Build 9600 (6.3.9600.17415)

CPU:total 4 (2 cores per cpu, 2 threads per core) family 6 model 58 stepping 9, cmov, cx8, fxsr, mmx, sse, sse2, sse3, ssse3, sse4.1, sse4.2, popcnt, avx, clmul, erms, ht, tsc, tscinvbit, tscinv

Memory: 4k page, physical 3806752k(195784k free), swap 6952484k(4728k free)

vm_info: Java HotSpot(TM) 64-Bit Server VM (25.45-b02) for windows-amd64 JRE (1.8.0_45-b15), built on Apr 30 2015 12:40:44 by "java_re" with MS VC++ 10.0 (VS2010)

time: Thu Jun 04 23:24:48 2015
elapsed time: 0 seconds (0d 0h 0m 0s)

